<?xml version="1.0" encoding="UTF-8"?>
<!-- Generated by org.testng.reporters.JUnitReportReporter -->
<testsuite hostname="MBPToaster.local" failures="0" tests="1" name="myTestClasses.explicitWaitDemo" time="6.863" errors="0" timestamp="2024-04-24T18:19:27 PST" skipped="0">
  <testcase classname="myTestClasses.explicitWaitDemo" name="login" time="6.863"/>
</testsuite> <!-- myTestClasses.explicitWaitDemo -->
