<?xml version="1.0" encoding="UTF-8"?>
<!-- Generated by org.testng.reporters.JUnitReportReporter -->
<testsuite hostname="MBPToaster.local" failures="0" tests="1" name="gdbPersonalTest.testGoogle" time="0.004" errors="0" timestamp="2024-04-28T19:46:04 PST" skipped="0">
  <testcase classname="gdbPersonalTest.testGoogle" name="createGoogleAds" time="0.004"/>
</testsuite> <!-- gdbPersonalTest.testGoogle -->
