<?xml version="1.0" encoding="UTF-8"?>
<!-- Generated by org.testng.reporters.JUnitReportReporter -->
<testsuite hostname="MBPToaster.local" failures="0" tests="4" name="openingWebsite.siteTabTesting" time="42.814" errors="0" timestamp="2024-04-24T15:25:22 PST" skipped="0">
  <testcase classname="openingWebsite.siteTabTesting" name="templatesCheckingResponse200" time="10.488"/>
  <testcase classname="openingWebsite.siteTabTesting" name="overviewCheckingResponse200" time="11.650"/>
  <testcase classname="openingWebsite.siteTabTesting" name="sitesCheckingResponse200" time="10.336"/>
  <testcase classname="openingWebsite.siteTabTesting" name="projectsCheckingResponse200" time="10.340"/>
</testsuite> <!-- openingWebsite.siteTabTesting -->
