<?xml version="1.0" encoding="UTF-8"?>
<!-- Generated by org.testng.reporters.JUnitReportReporter -->
<testsuite hostname="MBPToaster.local" failures="0" tests="9" name="openingWebsite.getAllPagesResponse" time="21.593" errors="1" timestamp="2024-04-25T20:10:51 PST" skipped="0">
  <testcase classname="openingWebsite.getAllPagesResponse" name="projectsTab_CheckResponse200" time="0.363"/>
  <testcase classname="openingWebsite.getAllPagesResponse" name="sitesTab_CheckResponse200" time="0.574"/>
  <testcase classname="openingWebsite.getAllPagesResponse" name="settingsTab_CheckResponse200" time="0.424"/>
  <testcase classname="openingWebsite.getAllPagesResponse" name="login" time="2.353"/>
  <testcase classname="openingWebsite.getAllPagesResponse" name="feedbackTab_CheckResponse200" time="10.056">
    <error message="Expected condition failed: waiting for visibility of element located by By.xpath: //div[@class=&quot;MuiGrid-root MuiGrid-item css-1xp8igg&quot;]/div[@class=&quot;MuiStack-root css-13hsu6l&quot;]/div[1] (tried for 10 second(s) with 500 milliseconds interval)
Build info: version: &#039;4.19.1&#039;, revision: &#039;abe0ee07dc&#039;
System info: os.name: &#039;Mac OS X&#039;, os.arch: &#039;aarch64&#039;, os.version: &#039;14.4.1&#039;, java.version: &#039;22.0.1&#039;
Driver info: org.openqa.selenium.chrome.ChromeDriver
Capabilities {acceptInsecureCerts: false, browserName: chrome, browserVersion: 124.0.6367.78, chrome: {chromedriverVersion: 124.0.6367.78 (a087f2dd364d..., userDataDir: /var/folders/fh/jblzhg0d5s9...}, fedcm:accounts: true, goog:chromeOptions: {debuggerAddress: localhost:65115}, networkConnectionEnabled: false, pageLoadStrategy: normal, platformName: mac, proxy: Proxy(), se:cdp: ws://localhost:65115/devtoo..., se:cdpVersion: 124.0.6367.78, setWindowRect: true, strictFileInteractability: false, timeouts: {implicit: 0, pageLoad: 300000, script: 30000}, unhandledPromptBehavior: dismiss and notify, webauthn:extension:credBlob: true, webauthn:extension:largeBlob: true, webauthn:extension:minPinLength: true, webauthn:extension:prf: true, webauthn:virtualAuthenticators: true}
Session ID: 6ad1b9525e1175d36855d8039c9d15db" type="org.openqa.selenium.TimeoutException">
      <![CDATA[org.openqa.selenium.TimeoutException: Expected condition failed: waiting for visibility of element located by By.xpath: //div[@class="MuiGrid-root MuiGrid-item css-1xp8igg"]/div[@class="MuiStack-root css-13hsu6l"]/div[1] (tried for 10 second(s) with 500 milliseconds interval)
Build info: version: '4.19.1', revision: 'abe0ee07dc'
System info: os.name: 'Mac OS X', os.arch: 'aarch64', os.version: '14.4.1', java.version: '22.0.1'
Driver info: org.openqa.selenium.chrome.ChromeDriver
Capabilities {acceptInsecureCerts: false, browserName: chrome, browserVersion: 124.0.6367.78, chrome: {chromedriverVersion: 124.0.6367.78 (a087f2dd364d..., userDataDir: /var/folders/fh/jblzhg0d5s9...}, fedcm:accounts: true, goog:chromeOptions: {debuggerAddress: localhost:65115}, networkConnectionEnabled: false, pageLoadStrategy: normal, platformName: mac, proxy: Proxy(), se:cdp: ws://localhost:65115/devtoo..., se:cdpVersion: 124.0.6367.78, setWindowRect: true, strictFileInteractability: false, timeouts: {implicit: 0, pageLoad: 300000, script: 30000}, unhandledPromptBehavior: dismiss and notify, webauthn:extension:credBlob: true, webauthn:extension:largeBlob: true, webauthn:extension:minPinLength: true, webauthn:extension:prf: true, webauthn:virtualAuthenticators: true}
Session ID: 6ad1b9525e1175d36855d8039c9d15db
at org.openqa.selenium.support.ui.WebDriverWait.timeoutException(WebDriverWait.java:84)
at org.openqa.selenium.support.ui.FluentWait.until(FluentWait.java:228)
at openingWebsite.getAllPagesResponse.feedbackTab_CheckResponse200(getAllPagesResponse.java:87)
at java.base/jdk.internal.reflect.DirectMethodHandleAccessor.invoke(DirectMethodHandleAccessor.java:103)
at java.base/java.lang.reflect.Method.invoke(Method.java:580)
at org.testng.internal.invokers.MethodInvocationHelper.invokeMethod(MethodInvocationHelper.java:141)
at org.testng.internal.invokers.TestInvoker.invokeMethod(TestInvoker.java:686)
at org.testng.internal.invokers.TestInvoker.invokeTestMethod(TestInvoker.java:230)
at org.testng.internal.invokers.MethodRunner.runInSequence(MethodRunner.java:63)
at org.testng.internal.invokers.TestInvoker$MethodInvocationAgent.invoke(TestInvoker.java:992)
at org.testng.internal.invokers.TestInvoker.invokeTestMethods(TestInvoker.java:203)
at org.testng.internal.invokers.TestMethodWorker.invokeTestMethods(TestMethodWorker.java:154)
at org.testng.internal.invokers.TestMethodWorker.run(TestMethodWorker.java:134)
at java.base/java.util.ArrayList.forEach(ArrayList.java:1597)
at org.testng.TestRunner.privateRun(TestRunner.java:739)
at org.testng.TestRunner.run(TestRunner.java:614)
at org.testng.SuiteRunner.runTest(SuiteRunner.java:421)
at org.testng.SuiteRunner.runSequentially(SuiteRunner.java:413)
at org.testng.SuiteRunner.privateRun(SuiteRunner.java:373)
at org.testng.SuiteRunner.run(SuiteRunner.java:312)
at org.testng.SuiteRunnerWorker.runSuite(SuiteRunnerWorker.java:52)
at org.testng.SuiteRunnerWorker.run(SuiteRunnerWorker.java:95)
at org.testng.TestNG.runSuitesSequentially(TestNG.java:1274)
at org.testng.TestNG.runSuitesLocally(TestNG.java:1208)
at org.testng.TestNG.runSuites(TestNG.java:1112)
at org.testng.TestNG.run(TestNG.java:1079)
at org.testng.remote.AbstractRemoteTestNG.run(AbstractRemoteTestNG.java:115)
at org.testng.remote.RemoteTestNG.initAndRun(RemoteTestNG.java:293)
at org.testng.remote.RemoteTestNG.main(RemoteTestNG.java:91)
]]>
    </error>
  </testcase> <!-- feedbackTab_CheckResponse200 -->
  <testcase classname="openingWebsite.getAllPagesResponse" name="templatesTab_CheckResponse200" time="0.577"/>
  <testcase classname="openingWebsite.getAllPagesResponse" name="overviewTab_CheckResponse200" time="0.648"/>
  <testcase classname="openingWebsite.getAllPagesResponse" name="manualTab_CheckResponse200" time="6.398"/>
  <testcase classname="openingWebsite.getAllPagesResponse" name="reportsTab_CheckResponse200" time="0.200"/>
</testsuite> <!-- openingWebsite.getAllPagesResponse -->
