<?xml version="1.0" encoding="UTF-8"?>
<!-- Generated by org.testng.reporters.JUnitReportReporter -->
<testsuite hostname="MBPToaster.local" failures="0" tests="1" name="ampTests.loginToAMP" time="1.463" errors="0" timestamp="2024-04-26T17:41:19 PST" skipped="0">
  <testcase classname="ampTests.loginToAMP" name="login" time="1.463"/>
</testsuite> <!-- ampTests.loginToAMP -->
